c:\users\ayden\documents\unigine projects\luaintegrationproject\source\luainteg.98bcc83f\x64\debug\luasystem.obj
c:\users\ayden\documents\unigine projects\luaintegrationproject\source\luainteg.98bcc83f\x64\debug\luapropertyvalidation.obj
c:\users\ayden\documents\unigine projects\luaintegrationproject\source\luainteg.98bcc83f\x64\debug\luacoroutinehelpers.obj
c:\users\ayden\documents\unigine projects\luaintegrationproject\source\luainteg.98bcc83f\x64\debug\luaprofiler.obj
c:\users\ayden\documents\unigine projects\luaintegrationproject\source\luainteg.98bcc83f\x64\debug\appworldlogic.obj
c:\users\ayden\documents\unigine projects\luaintegrationproject\source\luainteg.98bcc83f\x64\debug\luabindings_node.obj
c:\users\ayden\documents\unigine projects\luaintegrationproject\source\luainteg.98bcc83f\x64\debug\luabindings_physics_extended.obj
c:\users\ayden\documents\unigine projects\luaintegrationproject\source\luainteg.98bcc83f\x64\debug\lua_physicsfallsound.obj
c:\users\ayden\documents\unigine projects\luaintegrationproject\source\luainteg.98bcc83f\x64\debug\luabindings_materials.obj
c:\users\ayden\documents\unigine projects\luaintegrationproject\source\luainteg.98bcc83f\x64\debug\appsystemlogic.obj
c:\users\ayden\documents\unigine projects\luaintegrationproject\source\luainteg.98bcc83f\x64\debug\luabindings_physics.obj
c:\users\ayden\documents\unigine projects\luaintegrationproject\source\luainteg.98bcc83f\x64\debug\luabindings_world.obj
c:\users\ayden\documents\unigine projects\luaintegrationproject\source\luainteg.98bcc83f\x64\debug\main.obj
c:\users\ayden\documents\unigine projects\luaintegrationproject\source\luainteg.98bcc83f\x64\debug\luabindings_filesystem.obj
c:\users\ayden\documents\unigine projects\luaintegrationproject\source\luainteg.98bcc83f\x64\debug\luabindings_game.obj
c:\users\ayden\documents\unigine projects\luaintegrationproject\source\luainteg.98bcc83f\x64\debug\luabindings_object.obj
c:\users\ayden\documents\unigine projects\luaintegrationproject\source\luainteg.98bcc83f\x64\debug\luabindings_lights.obj
c:\users\ayden\documents\unigine projects\luaintegrationproject\source\luainteg.98bcc83f\x64\debug\luabindings_decals.obj
c:\users\ayden\documents\unigine projects\luaintegrationproject\source\luainteg.98bcc83f\x64\debug\luacomponentpool.obj
c:\users\ayden\documents\unigine projects\luaintegrationproject\source\luainteg.98bcc83f\x64\debug\luapropertymanager.obj
c:\users\ayden\documents\unigine projects\luaintegrationproject\source\luainteg.98bcc83f\x64\debug\luabindings_input.obj
c:\users\ayden\documents\unigine projects\luaintegrationproject\source\luainteg.98bcc83f\x64\debug\luabindings_sound.obj
c:\users\ayden\documents\unigine projects\luaintegrationproject\source\luainteg.98bcc83f\x64\debug\luabindings_mathutils.obj
c:\users\ayden\documents\unigine projects\luaintegrationproject\source\luainteg.98bcc83f\x64\debug\luabindings_texture.obj
c:\users\ayden\documents\unigine projects\luaintegrationproject\source\luainteg.98bcc83f\x64\debug\luabindings_objects_extended.obj
c:\users\ayden\documents\unigine projects\luaintegrationproject\source\luainteg.98bcc83f\x64\debug\luabindings_utilities.obj
c:\users\ayden\documents\unigine projects\luaintegrationproject\source\luainteg.98bcc83f\x64\debug\luabindings_visualizer.obj
c:\users\ayden\documents\unigine projects\luaintegrationproject\source\luainteg.98bcc83f\x64\debug\luautilities.obj
c:\users\ayden\documents\unigine projects\luaintegrationproject\source\luainteg.98bcc83f\x64\debug\luabindings_events.obj
c:\users\ayden\documents\unigine projects\luaintegrationproject\source\luainteg.98bcc83f\x64\debug\luabindings_player.obj
c:\users\ayden\documents\unigine projects\luaintegrationproject\source\luainteg.98bcc83f\x64\debug\luabindings_camera.obj
c:\users\ayden\documents\unigine projects\luaintegrationproject\source\luainteg.98bcc83f\x64\debug\luainputsystem.obj
c:\users\ayden\documents\unigine projects\luaintegrationproject\source\luainteg.98bcc83f\x64\debug\luabindings_mathadv.obj
c:\users\ayden\documents\unigine projects\luaintegrationproject\source\luainteg.98bcc83f\x64\debug\luacomponentlifecycle.obj
c:\users\ayden\documents\unigine projects\luaintegrationproject\source\luainteg.98bcc83f\x64\debug\luapropertyserialization.obj
c:\users\ayden\documents\unigine projects\luaintegrationproject\source\luainteg.98bcc83f\x64\debug\luafilescanner.obj
c:\users\ayden\documents\unigine projects\luaintegrationproject\source\luainteg.98bcc83f\x64\debug\appeditorlogic.obj
c:\users\ayden\documents\unigine projects\luaintegrationproject\source\luainteg.98bcc83f\x64\debug\luaeventsystem.obj
c:\users\ayden\documents\unigine projects\luaintegrationproject\source\luainteg.98bcc83f\x64\debug\luadebugger.obj
c:\users\ayden\documents\unigine projects\luaintegrationproject\source\luainteg.98bcc83f\x64\debug\luamaterialruntime.obj
c:\users\ayden\documents\unigine projects\luaintegrationproject\source\luainteg.98bcc83f\x64\debug\luaautocompletegenerator.obj
c:\users\ayden\documents\unigine projects\luaintegrationproject\source\luainteg.98bcc83f\x64\debug\luacomponentqueries.obj
c:\users\ayden\documents\unigine projects\luaintegrationproject\source\luainteg.98bcc83f\x64\debug\luaanimationsystem.obj
c:\users\ayden\documents\unigine projects\luaintegrationproject\source\luainteg.98bcc83f\x64\debug\luapathfinding.obj
c:\users\ayden\documents\unigine projects\luaintegrationproject\source\luainteg.98bcc83f\x64\debug\firstpersoncontroller.obj
c:\users\ayden\documents\unigine projects\luaintegrationproject\source\luainteg.98bcc83f\x64\debug\luaapibindings.obj
c:\users\ayden\documents\unigine projects\luaintegrationproject\bin\luaintegrationproject_x64d.exe
c:\users\ayden\documents\unigine projects\luaintegrationproject\bin\luaintegrationproject_x64d.pdb
c:\users\ayden\documents\unigine projects\luaintegrationproject\bin\luaintegrationproject_x64d.lib
c:\users\ayden\documents\unigine projects\luaintegrationproject\bin\luaintegrationproject_x64d.exp
c:\users\ayden\documents\unigine projects\luaintegrationproject\source\luainteg.98bcc83f\x64\debug\lua_advancedcomponent.obj
c:\users\ayden\documents\unigine projects\luaintegrationproject\source\luainteg.98bcc83f\x64\debug\lua_checkpointsystem.obj
c:\users\ayden\documents\unigine projects\luaintegrationproject\source\luainteg.98bcc83f\x64\debug\lua_collectibleitem.obj
c:\users\ayden\documents\unigine projects\luaintegrationproject\source\luainteg.98bcc83f\x64\debug\lua_coloredcube.obj
c:\users\ayden\documents\unigine projects\luaintegrationproject\source\luainteg.98bcc83f\x64\debug\lua_door.obj
c:\users\ayden\documents\unigine projects\luaintegrationproject\source\luainteg.98bcc83f\x64\debug\lua_doortrigger.obj
c:\users\ayden\documents\unigine projects\luaintegrationproject\source\luainteg.98bcc83f\x64\debug\lua_enemyai.obj
c:\users\ayden\documents\unigine projects\luaintegrationproject\source\luainteg.98bcc83f\x64\debug\lua_eventsystemexample.obj
c:\users\ayden\documents\unigine projects\luaintegrationproject\source\luainteg.98bcc83f\x64\debug\lua_firstpersoncontroller.obj
c:\users\ayden\documents\unigine projects\luaintegrationproject\source\luainteg.98bcc83f\x64\debug\lua_gamemanager.obj
c:\users\ayden\documents\unigine projects\luaintegrationproject\source\luainteg.98bcc83f\x64\debug\lua_healthsystem.obj
c:\users\ayden\documents\unigine projects\luaintegrationproject\source\luainteg.98bcc83f\x64\debug\lua_interactiveobject.obj
c:\users\ayden\documents\unigine projects\luaintegrationproject\source\luainteg.98bcc83f\x64\debug\lua_player_controller.obj
c:\users\ayden\documents\unigine projects\luaintegrationproject\source\luainteg.98bcc83f\x64\debug\lua_spinningcube.obj
c:\users\ayden\documents\unigine projects\luaintegrationproject\source\luainteg.98bcc83f\x64\debug\lua_weaponsystem.obj
c:\users\ayden\documents\unigine projects\luaintegrationproject\source\../bin/luaintegrationproject_x64d.pdb
c:\users\ayden\documents\unigine projects\luaintegrationproject\source\luainteg.98bcc83f\x64\debug\luainteg.98bcc83f.tlog\cl.command.1.tlog
c:\users\ayden\documents\unigine projects\luaintegrationproject\source\luainteg.98bcc83f\x64\debug\luainteg.98bcc83f.tlog\cl.items.tlog
c:\users\ayden\documents\unigine projects\luaintegrationproject\source\luainteg.98bcc83f\x64\debug\luainteg.98bcc83f.tlog\cl.read.1.tlog
c:\users\ayden\documents\unigine projects\luaintegrationproject\source\luainteg.98bcc83f\x64\debug\luainteg.98bcc83f.tlog\cl.write.1.tlog
c:\users\ayden\documents\unigine projects\luaintegrationproject\source\luainteg.98bcc83f\x64\debug\luainteg.98bcc83f.tlog\link.command.1.tlog
c:\users\ayden\documents\unigine projects\luaintegrationproject\source\luainteg.98bcc83f\x64\debug\luainteg.98bcc83f.tlog\link.read.1.tlog
c:\users\ayden\documents\unigine projects\luaintegrationproject\source\luainteg.98bcc83f\x64\debug\luainteg.98bcc83f.tlog\link.secondary.1.tlog
c:\users\ayden\documents\unigine projects\luaintegrationproject\source\luainteg.98bcc83f\x64\debug\luainteg.98bcc83f.tlog\link.write.1.tlog
