c:\users\ayden\documents\unigine projects\unigine_project_5\source\unigine_.98bcc83f\x64\debug\main.obj
c:\users\ayden\documents\unigine projects\unigine_project_5\source\unigine_.98bcc83f\x64\debug\appeditorlogic.obj
c:\users\ayden\documents\unigine projects\unigine_project_5\source\unigine_.98bcc83f\x64\debug\appsystemlogic.obj
c:\users\ayden\documents\unigine projects\unigine_project_5\source\unigine_.98bcc83f\x64\debug\luavmmanager.obj
c:\users\ayden\documents\unigine projects\unigine_project_5\source\unigine_.98bcc83f\x64\debug\firstpersoncontroller.obj
c:\users\ayden\documents\unigine projects\unigine_project_5\source\unigine_.98bcc83f\x64\debug\appworldlogic.obj
c:\users\ayden\documents\unigine projects\unigine_project_5\source\unigine_.98bcc83f\x64\debug\vc143.pdb
c:\users\ayden\documents\unigine projects\unigine_project_5\source\unigine_.98bcc83f\x64\debug\luacomponent.obj
c:\users\ayden\documents\unigine projects\unigine_project_5\bin\unigine_project_5_x64d.lib
c:\users\ayden\documents\unigine projects\unigine_project_5\bin\unigine_project_5_x64d.exp
c:\users\ayden\documents\unigine projects\unigine_project_5\bin\unigine_project_5_x64d.ilk
c:\users\ayden\documents\unigine projects\unigine_project_5\source\unigine_.98bcc83f\x64\debug\gamelogic.obj
c:\users\ayden\documents\unigine projects\unigine_project_5\source\../bin/unigine_project_5_x64d.pdb
c:\users\ayden\documents\unigine projects\unigine_project_5\source\unigine_.98bcc83f\x64\debug\unigine_.98bcc83f.tlog\cl.command.1.tlog
c:\users\ayden\documents\unigine projects\unigine_project_5\source\unigine_.98bcc83f\x64\debug\unigine_.98bcc83f.tlog\cl.items.tlog
c:\users\ayden\documents\unigine projects\unigine_project_5\source\unigine_.98bcc83f\x64\debug\unigine_.98bcc83f.tlog\cl.read.1.tlog
c:\users\ayden\documents\unigine projects\unigine_project_5\source\unigine_.98bcc83f\x64\debug\unigine_.98bcc83f.tlog\cl.write.1.tlog
c:\users\ayden\documents\unigine projects\unigine_project_5\source\unigine_.98bcc83f\x64\debug\unigine_.98bcc83f.tlog\link-cvtres.read.1.tlog
c:\users\ayden\documents\unigine projects\unigine_project_5\source\unigine_.98bcc83f\x64\debug\unigine_.98bcc83f.tlog\link-cvtres.write.1.tlog
c:\users\ayden\documents\unigine projects\unigine_project_5\source\unigine_.98bcc83f\x64\debug\unigine_.98bcc83f.tlog\link-rc.read.1.tlog
c:\users\ayden\documents\unigine projects\unigine_project_5\source\unigine_.98bcc83f\x64\debug\unigine_.98bcc83f.tlog\link-rc.write.1.tlog
c:\users\ayden\documents\unigine projects\unigine_project_5\source\unigine_.98bcc83f\x64\debug\unigine_.98bcc83f.tlog\link.132748-cvtres.read.1.tlog
c:\users\ayden\documents\unigine projects\unigine_project_5\source\unigine_.98bcc83f\x64\debug\unigine_.98bcc83f.tlog\link.132748-cvtres.write.1.tlog
c:\users\ayden\documents\unigine projects\unigine_project_5\source\unigine_.98bcc83f\x64\debug\unigine_.98bcc83f.tlog\link.132748-rc.read.1.tlog
c:\users\ayden\documents\unigine projects\unigine_project_5\source\unigine_.98bcc83f\x64\debug\unigine_.98bcc83f.tlog\link.132748-rc.write.1.tlog
c:\users\ayden\documents\unigine projects\unigine_project_5\source\unigine_.98bcc83f\x64\debug\unigine_.98bcc83f.tlog\link.132748.read.1.tlog
c:\users\ayden\documents\unigine projects\unigine_project_5\source\unigine_.98bcc83f\x64\debug\unigine_.98bcc83f.tlog\link.132748.read.2.tlog
c:\users\ayden\documents\unigine projects\unigine_project_5\source\unigine_.98bcc83f\x64\debug\unigine_.98bcc83f.tlog\link.132748.read.3.tlog
c:\users\ayden\documents\unigine projects\unigine_project_5\source\unigine_.98bcc83f\x64\debug\unigine_.98bcc83f.tlog\link.132748.read.4.tlog
c:\users\ayden\documents\unigine projects\unigine_project_5\source\unigine_.98bcc83f\x64\debug\unigine_.98bcc83f.tlog\link.132748.write.1.tlog
c:\users\ayden\documents\unigine projects\unigine_project_5\source\unigine_.98bcc83f\x64\debug\unigine_.98bcc83f.tlog\link.command.1.tlog
c:\users\ayden\documents\unigine projects\unigine_project_5\source\unigine_.98bcc83f\x64\debug\unigine_.98bcc83f.tlog\link.read.1.tlog
c:\users\ayden\documents\unigine projects\unigine_project_5\source\unigine_.98bcc83f\x64\debug\unigine_.98bcc83f.tlog\link.read.2.tlog
c:\users\ayden\documents\unigine projects\unigine_project_5\source\unigine_.98bcc83f\x64\debug\unigine_.98bcc83f.tlog\link.read.3.tlog
c:\users\ayden\documents\unigine projects\unigine_project_5\source\unigine_.98bcc83f\x64\debug\unigine_.98bcc83f.tlog\link.read.4.tlog
c:\users\ayden\documents\unigine projects\unigine_project_5\source\unigine_.98bcc83f\x64\debug\unigine_.98bcc83f.tlog\link.secondary.1.tlog
c:\users\ayden\documents\unigine projects\unigine_project_5\source\unigine_.98bcc83f\x64\debug\unigine_.98bcc83f.tlog\link.write.1.tlog
